Arguments: 
  /usr/bin/node /bin/yarn info @ggcity/map-viwer

PATH: 
  /sbin:/bin:/usr/sbin:/usr/bin

Yarn version: 
  1.3.2

Node version: 
  6.11.3

Platform: 
  linux x64

npm manifest: 
  {
    "name": "data-portal",
    "version": "1.0.0",
    "main": "index.js",
    "license": "MIT",
    "private": false,
    "flat": true,
    "resolutions": {
      "@polymer/polymer": "3.0.0-pre.1",
      "@webcomponents/shadycss": "1.1.3"
    },
    "dependencies": {
      "@ggcity/map-viewer": "^1.0.6"
    }
  }

yarn manifest: 
  No manifest

Lockfile: 
  # THIS IS AN AUTOGENERATED FILE. DO NOT EDIT THIS FILE DIRECTLY.
  # yarn lockfile v1
  
  
  "@ggcity/leaflet-geojson@^0.6.0":
    version "0.6.0"
    resolved "https://registry.yarnpkg.com/@ggcity/leaflet-geojson/-/leaflet-geojson-0.6.0.tgz#a571713e918e89ad378cfd367681f7a274ef55c8"
    dependencies:
      "@polymer/polymer" next
      leaflet "^1.2.0"
      leaflet.markercluster "^1.3.0"
  
  "@ggcity/leaflet-map@^0.5.0":
    version "0.5.0"
    resolved "https://registry.yarnpkg.com/@ggcity/leaflet-map/-/leaflet-map-0.5.0.tgz#4365bf0b011c700927b23b9612b4c3e76ea8b305"
    dependencies:
      "@polymer/polymer" next
      leaflet "^1.2.0"
  
  "@ggcity/leaflet-tile-layer@^0.5.0":
    version "0.5.0"
    resolved "https://registry.yarnpkg.com/@ggcity/leaflet-tile-layer/-/leaflet-tile-layer-0.5.0.tgz#e5572ab380ac76fce6b08e6fa26dd2427186b4f0"
    dependencies:
      "@ggcity/leaflet-map" "^0.5.0"
      "@polymer/polymer" next
      leaflet "^1.2.0"
  
  "@ggcity/leaflet-wms@^0.5.0":
    version "0.5.0"
    resolved "https://registry.yarnpkg.com/@ggcity/leaflet-wms/-/leaflet-wms-0.5.0.tgz#3e15984b7bd8bf8202ae9c0e2fdbf6908e1b1b84"
    dependencies:
      "@ggcity/leaflet-map" "^0.5.0"
      "@polymer/polymer" next
      leaflet "^1.2.0"
  
  "@ggcity/map-viewer@^1.0.6":
    version "1.0.6"
    resolved "https://registry.yarnpkg.com/@ggcity/map-viewer/-/map-viewer-1.0.6.tgz#68e4f1709d83f3d4c16b16ff1d0fc6b17a9b4f02"
    dependencies:
      "@ggcity/leaflet-geojson" "^0.6.0"
      "@ggcity/leaflet-map" "^0.5.0"
      "@ggcity/leaflet-tile-layer" "^0.5.0"
      "@ggcity/leaflet-wms" "^0.5.0"
      "@polymer/paper-toggle-button" PolymerElements/paper-toggle-button#3.0-preview
      "@polymer/polymer" "3.0.0-pre.1"
      js-yaml "^3.10.0"
      leaflet "^1.3.1"
  
  "@polymer/font-roboto@^3.0.0-pre.15":
    version "3.0.0-pre.15"
    resolved "https://registry.yarnpkg.com/@polymer/font-roboto/-/font-roboto-3.0.0-pre.15.tgz#967d6875dabaedef3c7a263a0af03d641dd03359"
  
  "@polymer/iron-a11y-keys-behavior@^3.0.0-pre.15":
    version "3.0.0-pre.15"
    resolved "https://registry.yarnpkg.com/@polymer/iron-a11y-keys-behavior/-/iron-a11y-keys-behavior-3.0.0-pre.15.tgz#702e06b12c4ff4489a51a6a4810fca2f4039b457"
    dependencies:
      "@polymer/polymer" "^3.0.0-pre.13"
  
  "@polymer/iron-behaviors@^3.0.0-pre.15":
    version "3.0.0-pre.15"
    resolved "https://registry.yarnpkg.com/@polymer/iron-behaviors/-/iron-behaviors-3.0.0-pre.15.tgz#2fe1e96c06c82bf48284ebdc15fae55d6a1c8354"
    dependencies:
      "@polymer/iron-a11y-keys-behavior" "^3.0.0-pre.15"
      "@polymer/polymer" "^3.0.0-pre.13"
  
  "@polymer/iron-checked-element-behavior@^3.0.0-pre.1", "@polymer/iron-checked-element-behavior@^3.0.0-pre.15":
    version "3.0.0-pre.15"
    resolved "https://registry.yarnpkg.com/@polymer/iron-checked-element-behavior/-/iron-checked-element-behavior-3.0.0-pre.15.tgz#8db6ebf4612123baad13f5701179da7054822928"
    dependencies:
      "@polymer/iron-form-element-behavior" "^3.0.0-pre.15"
      "@polymer/iron-validatable-behavior" "^3.0.0-pre.15"
      "@polymer/polymer" "^3.0.0-pre.13"
  
  "@polymer/iron-flex-layout@^3.0.0-pre.15":
    version "3.0.0-pre.15"
    resolved "https://registry.yarnpkg.com/@polymer/iron-flex-layout/-/iron-flex-layout-3.0.0-pre.15.tgz#110805cf5ecd7c35ffa6f780732e1c2e1ec50386"
    dependencies:
      "@polymer/polymer" "^3.0.0-pre.13"
  
  "@polymer/iron-form-element-behavior@^3.0.0-pre.15":
    version "3.0.0-pre.15"
    resolved "https://registry.yarnpkg.com/@polymer/iron-form-element-behavior/-/iron-form-element-behavior-3.0.0-pre.15.tgz#58dd079c63e3d2102bf5ab73ec991926498555df"
    dependencies:
      "@polymer/polymer" "^3.0.0-pre.13"
  
  "@polymer/iron-meta@^3.0.0-pre.15":
    version "3.0.0-pre.15"
    resolved "https://registry.yarnpkg.com/@polymer/iron-meta/-/iron-meta-3.0.0-pre.15.tgz#4f9e3acf0ee418db20abfd76c6593fc4fb08d941"
    dependencies:
      "@polymer/polymer" "^3.0.0-pre.13"
  
  "@polymer/iron-validatable-behavior@^3.0.0-pre.15":
    version "3.0.0-pre.15"
    resolved "https://registry.yarnpkg.com/@polymer/iron-validatable-behavior/-/iron-validatable-behavior-3.0.0-pre.15.tgz#6c69b12926974629a616888f6ef5aedad6929de6"
    dependencies:
      "@polymer/iron-meta" "^3.0.0-pre.15"
      "@polymer/polymer" "^3.0.0-pre.13"
  
  "@polymer/paper-behaviors@^3.0.0-pre.1":
    version "3.0.0-pre.15"
    resolved "https://registry.yarnpkg.com/@polymer/paper-behaviors/-/paper-behaviors-3.0.0-pre.15.tgz#adddf8fd9d37cc9380ae7f1805d6504e1145d882"
    dependencies:
      "@polymer/iron-behaviors" "^3.0.0-pre.15"
      "@polymer/iron-checked-element-behavior" "^3.0.0-pre.15"
      "@polymer/paper-ripple" "^3.0.0-pre.15"
      "@polymer/polymer" "^3.0.0-pre.13"
  
  "@polymer/paper-ripple@^3.0.0-pre.15":
    version "3.0.0-pre.15"
    resolved "https://registry.yarnpkg.com/@polymer/paper-ripple/-/paper-ripple-3.0.0-pre.15.tgz#901cef268e3dcfffff5ea73acbc3d426fb9a97de"
    dependencies:
      "@polymer/iron-a11y-keys-behavior" "^3.0.0-pre.15"
      "@polymer/polymer" "^3.0.0-pre.13"
  
  "@polymer/paper-styles@^3.0.0-pre.1":
    version "3.0.0-pre.15"
    resolved "https://registry.yarnpkg.com/@polymer/paper-styles/-/paper-styles-3.0.0-pre.15.tgz#b639d2b54e439d80b490d574d0273065bcf79389"
    dependencies:
      "@polymer/font-roboto" "^3.0.0-pre.15"
      "@polymer/iron-flex-layout" "^3.0.0-pre.15"
      "@polymer/polymer" "^3.0.0-pre.13"
  
  "@polymer/paper-toggle-button@PolymerElements/paper-toggle-button#3.0-preview":
    version "3.0.0-pre.1"
    resolved "https://codeload.github.com/PolymerElements/paper-toggle-button/tar.gz/261a90b7a24b1224a8e4e3aba3ab3c0614b3dc38"
    dependencies:
      "@polymer/iron-checked-element-behavior" "^3.0.0-pre.1"
      "@polymer/paper-behaviors" "^3.0.0-pre.1"
      "@polymer/paper-styles" "^3.0.0-pre.1"
      "@polymer/polymer" "^3.0.0-pre.1"
  
  "@polymer/polymer@3.0.0-pre.1", "@polymer/polymer@^3.0.0-pre.1", "@polymer/polymer@^3.0.0-pre.13", "@polymer/polymer@next":
    version "3.0.0-pre.1"
    resolved "https://registry.yarnpkg.com/@polymer/polymer/-/polymer-3.0.0-pre.1.tgz#9fc26b5259aad9265f324ced02de715991d2eabe"
    dependencies:
      "@webcomponents/shadycss" "^1.0.0"
      "@webcomponents/webcomponentsjs" "^1.0.0"
  
  "@webcomponents/shadycss@1.1.3", "@webcomponents/shadycss@^1.0.0", "@webcomponents/shadycss@^1.2.0":
    version "1.1.3"
    resolved "https://registry.yarnpkg.com/@webcomponents/shadycss/-/shadycss-1.1.3.tgz#6d4c7d2d842de9dba1b3ac5cc051938b8439c043"
  
  "@webcomponents/webcomponentsjs@^1.0.0":
    version "1.2.0"
    resolved "https://registry.yarnpkg.com/@webcomponents/webcomponentsjs/-/webcomponentsjs-1.2.0.tgz#c9e129340c3e4637f5fa6505e968e85face7bd5b"
  
  argparse@^1.0.7:
    version "1.0.10"
    resolved "https://registry.yarnpkg.com/argparse/-/argparse-1.0.10.tgz#bcd6791ea5ae09725e17e5ad988134cd40b3d911"
    dependencies:
      sprintf-js "~1.0.2"
  
  esprima@^4.0.0:
    version "4.0.0"
    resolved "https://registry.yarnpkg.com/esprima/-/esprima-4.0.0.tgz#4499eddcd1110e0b218bacf2fa7f7f59f55ca804"
  
  js-yaml@^3.10.0:
    version "3.11.0"
    resolved "https://registry.yarnpkg.com/js-yaml/-/js-yaml-3.11.0.tgz#597c1a8bd57152f26d622ce4117851a51f5ebaef"
    dependencies:
      argparse "^1.0.7"
      esprima "^4.0.0"
  
  leaflet.markercluster@^1.3.0:
    version "1.3.0"
    resolved "https://registry.yarnpkg.com/leaflet.markercluster/-/leaflet.markercluster-1.3.0.tgz#58eb0654e90bd3274a660390ab0bc734212b204d"
  
  leaflet@^1.2.0, leaflet@^1.3.1:
    version "1.3.1"
    resolved "https://registry.yarnpkg.com/leaflet/-/leaflet-1.3.1.tgz#86f336d2fb0e2d0ff446677049a5dc34cf0ea60e"
  
  sprintf-js@~1.0.2:
    version "1.0.3"
    resolved "https://registry.yarnpkg.com/sprintf-js/-/sprintf-js-1.0.3.tgz#04e6926f662895354f3dd015203633b857297e2c"

Trace: 
  Error: https://registry.yarnpkg.com/@ggcity%2fmap-viwer: Not found
      at Request.params.callback [as _callback] (/usr/lib/node_modules/yarn/lib/cli.js:62098:18)
      at Request.self.callback (/usr/lib/node_modules/yarn/lib/cli.js:123085:22)
      at emitTwo (events.js:106:13)
      at Request.emit (events.js:191:7)
      at Request.<anonymous> (/usr/lib/node_modules/yarn/lib/cli.js:124068:10)
      at emitOne (events.js:96:13)
      at Request.emit (events.js:188:7)
      at IncomingMessage.<anonymous> (/usr/lib/node_modules/yarn/lib/cli.js:123988:12)
      at IncomingMessage.g (events.js:292:16)
      at emitNone (events.js:91:20)
